{"C:\\Users\\Administrator\\Desktop\\sun\\kingserch.github.io\\hallowsday\\src\\components\\HelloWorld.vue": {"path":"C:\\Users\\Administrator\\Desktop\\sun\\kingserch.github.io\\hallowsday\\src\\components\\HelloWorld.vue","statementMap":{"0":{"start":{"line":90,"column":0},"end":{"line":null,"column":-1}}},"fnMap":{"0":{"name":"data","decl":{"start":{"line":89,"column":0},"end":{"line":null,"column":-1}},"loc":{"start":{"line":89,"column":0},"end":{"line":93,"column":0}}}},"branchMap":{},"s":{"0":0},"f":{"0":0},"b":{}}
,"C:\\Users\\Administrator\\Desktop\\sun\\kingserch.github.io\\hallowsday\\src\\components\\canvas.vue": {"path":"C:\\Users\\Administrator\\Desktop\\sun\\kingserch.github.io\\hallowsday\\src\\components\\canvas.vue","statementMap":{"0":{"start":{"line":25,"column":0},"end":{"line":null,"column":-1}},"1":{"start":{"line":27,"column":0},"end":{"line":null,"column":-1}},"2":{"start":{"line":28,"column":0},"end":{"line":null,"column":-1}},"3":{"start":{"line":29,"column":0},"end":{"line":null,"column":-1}},"4":{"start":{"line":30,"column":0},"end":{"line":null,"column":-1}},"5":{"start":{"line":35,"column":0},"end":{"line":null,"column":-1}},"6":{"start":{"line":39,"column":0},"end":{"line":null,"column":-1}},"7":{"start":{"line":47,"column":0},"end":{"line":null,"column":-1}},"8":{"start":{"line":50,"column":0},"end":{"line":null,"column":-1}},"9":{"start":{"line":53,"column":0},"end":{"line":null,"column":-1}},"10":{"start":{"line":56,"column":0},"end":{"line":null,"column":-1}},"11":{"start":{"line":58,"column":0},"end":{"line":null,"column":-1}},"12":{"start":{"line":61,"column":0},"end":{"line":null,"column":-1}},"13":{"start":{"line":64,"column":0},"end":{"line":null,"column":-1}},"14":{"start":{"line":65,"column":0},"end":{"line":null,"column":-1}},"15":{"start":{"line":66,"column":0},"end":{"line":null,"column":-1}},"16":{"start":{"line":67,"column":0},"end":{"line":null,"column":-1}},"17":{"start":{"line":68,"column":0},"end":{"line":null,"column":-1}},"18":{"start":{"line":71,"column":0},"end":{"line":null,"column":-1}},"19":{"start":{"line":72,"column":0},"end":{"line":null,"column":-1}},"20":{"start":{"line":73,"column":0},"end":{"line":null,"column":-1}},"21":{"start":{"line":74,"column":0},"end":{"line":null,"column":-1}},"22":{"start":{"line":75,"column":0},"end":{"line":null,"column":-1}},"23":{"start":{"line":76,"column":0},"end":{"line":null,"column":-1}},"24":{"start":{"line":78,"column":0},"end":{"line":null,"column":-1}},"25":{"start":{"line":80,"column":0},"end":{"line":null,"column":-1}},"26":{"start":{"line":81,"column":0},"end":{"line":null,"column":-1}},"27":{"start":{"line":82,"column":0},"end":{"line":null,"column":-1}},"28":{"start":{"line":83,"column":0},"end":{"line":null,"column":-1}},"29":{"start":{"line":87,"column":0},"end":{"line":89,"column":0}},"30":{"start":{"line":88,"column":0},"end":{"line":null,"column":-1}},"31":{"start":{"line":92,"column":0},"end":{"line":104,"column":0}},"32":{"start":{"line":93,"column":0},"end":{"line":null,"column":-1}},"33":{"start":{"line":94,"column":0},"end":{"line":101,"column":0}},"34":{"start":{"line":95,"column":0},"end":{"line":null,"column":-1}},"35":{"start":{"line":96,"column":0},"end":{"line":null,"column":-1}},"36":{"start":{"line":97,"column":0},"end":{"line":101,"column":0}},"37":{"start":{"line":99,"column":0},"end":{"line":null,"column":-1}},"38":{"start":{"line":100,"column":0},"end":{"line":null,"column":-1}},"39":{"start":{"line":102,"column":0},"end":{"line":null,"column":-1}},"40":{"start":{"line":103,"column":0},"end":{"line":null,"column":-1}},"41":{"start":{"line":107,"column":0},"end":{"line":122,"column":0}},"42":{"start":{"line":108,"column":0},"end":{"line":121,"column":0}},"43":{"start":{"line":109,"column":0},"end":{"line":null,"column":-1}},"44":{"start":{"line":110,"column":0},"end":{"line":null,"column":-1}},"45":{"start":{"line":111,"column":0},"end":{"line":120,"column":0}},"46":{"start":{"line":112,"column":0},"end":{"line":119,"column":0}},"47":{"start":{"line":113,"column":0},"end":{"line":null,"column":-1}},"48":{"start":{"line":114,"column":0},"end":{"line":null,"column":-1}},"49":{"start":{"line":115,"column":0},"end":{"line":null,"column":-1}},"50":{"start":{"line":116,"column":0},"end":{"line":null,"column":-1}},"51":{"start":{"line":117,"column":0},"end":{"line":null,"column":-1}},"52":{"start":{"line":118,"column":0},"end":{"line":null,"column":-1}},"53":{"start":{"line":125,"column":0},"end":{"line":128,"column":0}},"54":{"start":{"line":126,"column":0},"end":{"line":null,"column":-1}},"55":{"start":{"line":127,"column":0},"end":{"line":null,"column":-1}},"56":{"start":{"line":131,"column":0},"end":{"line":null,"column":-1}},"57":{"start":{"line":132,"column":0},"end":{"line":null,"column":-1}},"58":{"start":{"line":133,"column":0},"end":{"line":null,"column":-1}},"59":{"start":{"line":134,"column":0},"end":{"line":null,"column":-1}},"60":{"start":{"line":135,"column":0},"end":{"line":null,"column":-1}},"61":{"start":{"line":138,"column":0},"end":{"line":141,"column":0}},"62":{"start":{"line":139,"column":0},"end":{"line":null,"column":-1}},"63":{"start":{"line":140,"column":0},"end":{"line":null,"column":-1}},"64":{"start":{"line":142,"column":0},"end":{"line":145,"column":0}},"65":{"start":{"line":143,"column":0},"end":{"line":null,"column":-1}},"66":{"start":{"line":144,"column":0},"end":{"line":null,"column":-1}},"67":{"start":{"line":147,"column":0},"end":{"line":null,"column":-1}},"68":{"start":{"line":148,"column":0},"end":{"line":null,"column":-1}}},"fnMap":{"0":{"name":"mounted","decl":{"start":{"line":24,"column":0},"end":{"line":null,"column":-1}},"loc":{"start":{"line":24,"column":0},"end":{"line":149,"column":0}}},"1":{"name":"colorValue","decl":{"start":{"line":46,"column":0},"end":{"line":null,"column":-1}},"loc":{"start":{"line":46,"column":0},"end":{"line":48,"column":0}}},"2":{"name":"createColorStyle","decl":{"start":{"line":49,"column":0},"end":{"line":null,"column":-1}},"loc":{"start":{"line":49,"column":0},"end":{"line":51,"column":0}}},"3":{"name":"mixComponents","decl":{"start":{"line":52,"column":0},"end":{"line":null,"column":-1}},"loc":{"start":{"line":52,"column":0},"end":{"line":54,"column":0}}},"4":{"name":"averageColorStyles","decl":{"start":{"line":55,"column":0},"end":{"line":null,"column":-1}},"loc":{"start":{"line":55,"column":0},"end":{"line":62,"column":0}}},"5":{"name":"Color","decl":{"start":{"line":63,"column":0},"end":{"line":null,"column":-1}},"loc":{"start":{"line":63,"column":0},"end":{"line":69,"column":0}}},"6":{"name":"Dot","decl":{"start":{"line":70,"column":0},"end":{"line":null,"column":-1}},"loc":{"start":{"line":70,"column":0},"end":{"line":77,"column":0}}},"7":{"name":"draw","decl":{"start":{"line":79,"column":0},"end":{"line":null,"column":-1}},"loc":{"start":{"line":79,"column":0},"end":{"line":84,"column":0}}},"8":{"name":"createDots","decl":{"start":{"line":86,"column":0},"end":{"line":null,"column":-1}},"loc":{"start":{"line":86,"column":0},"end":{"line":90,"column":0}}},"9":{"name":"moveDots","decl":{"start":{"line":91,"column":0},"end":{"line":null,"column":-1}},"loc":{"start":{"line":91,"column":0},"end":{"line":105,"column":0}}},"10":{"name":"connectDots","decl":{"start":{"line":106,"column":0},"end":{"line":null,"column":-1}},"loc":{"start":{"line":106,"column":0},"end":{"line":123,"column":0}}},"11":{"name":"drawDots","decl":{"start":{"line":124,"column":0},"end":{"line":null,"column":-1}},"loc":{"start":{"line":124,"column":0},"end":{"line":129,"column":0}}},"12":{"name":"animateDots","decl":{"start":{"line":130,"column":0},"end":{"line":null,"column":-1}},"loc":{"start":{"line":130,"column":0},"end":{"line":136,"column":0}}},"13":{"name":"(anonymous_14)","decl":{"start":{"line":138,"column":0},"end":{"line":null,"column":-1}},"loc":{"start":{"line":138,"column":0},"end":{"line":141,"column":0}}},"14":{"name":"(anonymous_15)","decl":{"start":{"line":142,"column":0},"end":{"line":null,"column":-1}},"loc":{"start":{"line":142,"column":0},"end":{"line":145,"column":0}}}},"branchMap":{"0":{"loc":{"start":{"line":64,"column":0},"end":{"line":null,"column":-1}},"type":"binary-expr","locations":[{"start":{"line":64,"column":0},"end":{"line":null,"column":-1}},{"start":{"line":64,"column":0},"end":{"line":null,"column":-1}}]},"1":{"loc":{"start":{"line":94,"column":0},"end":{"line":101,"column":0}},"type":"if","locations":[{"start":{"line":94,"column":0},"end":{"line":101,"column":0}},{"start":{"line":94,"column":0},"end":{"line":101,"column":0}}]},"2":{"loc":{"start":{"line":94,"column":0},"end":{"line":null,"column":-1}},"type":"binary-expr","locations":[{"start":{"line":94,"column":0},"end":{"line":null,"column":-1}},{"start":{"line":94,"column":0},"end":{"line":null,"column":-1}}]},"3":{"loc":{"start":{"line":97,"column":0},"end":{"line":101,"column":0}},"type":"if","locations":[{"start":{"line":97,"column":0},"end":{"line":101,"column":0}},{"start":{"line":97,"column":0},"end":{"line":101,"column":0}}]},"4":{"loc":{"start":{"line":97,"column":0},"end":{"line":null,"column":-1}},"type":"binary-expr","locations":[{"start":{"line":97,"column":0},"end":{"line":null,"column":-1}},{"start":{"line":97,"column":0},"end":{"line":null,"column":-1}}]},"5":{"loc":{"start":{"line":111,"column":0},"end":{"line":120,"column":0}},"type":"if","locations":[{"start":{"line":111,"column":0},"end":{"line":120,"column":0}},{"start":{"line":111,"column":0},"end":{"line":120,"column":0}}]},"6":{"loc":{"start":{"line":111,"column":0},"end":{"line":null,"column":-1}},"type":"binary-expr","locations":[{"start":{"line":111,"column":0},"end":{"line":null,"column":-1}},{"start":{"line":111,"column":0},"end":{"line":null,"column":-1}},{"start":{"line":111,"column":0},"end":{"line":null,"column":-1}},{"start":{"line":111,"column":0},"end":{"line":null,"column":-1}}]},"7":{"loc":{"start":{"line":112,"column":0},"end":{"line":119,"column":0}},"type":"if","locations":[{"start":{"line":112,"column":0},"end":{"line":119,"column":0}},{"start":{"line":112,"column":0},"end":{"line":119,"column":0}}]},"8":{"loc":{"start":{"line":112,"column":0},"end":{"line":null,"column":-1}},"type":"binary-expr","locations":[{"start":{"line":112,"column":0},"end":{"line":null,"column":-1}},{"start":{"line":112,"column":0},"end":{"line":null,"column":-1}},{"start":{"line":112,"column":0},"end":{"line":null,"column":-1}},{"start":{"line":112,"column":0},"end":{"line":null,"column":-1}}]}},"s":{"0":0,"1":0,"2":0,"3":0,"4":0,"5":0,"6":0,"7":0,"8":0,"9":0,"10":0,"11":0,"12":0,"13":0,"14":0,"15":0,"16":0,"17":0,"18":0,"19":0,"20":0,"21":0,"22":0,"23":0,"24":0,"25":0,"26":0,"27":0,"28":0,"29":0,"30":0,"31":0,"32":0,"33":0,"34":0,"35":0,"36":0,"37":0,"38":0,"39":0,"40":0,"41":0,"42":0,"43":0,"44":0,"45":0,"46":0,"47":0,"48":0,"49":0,"50":0,"51":0,"52":0,"53":0,"54":0,"55":0,"56":0,"57":0,"58":0,"59":0,"60":0,"61":0,"62":0,"63":0,"64":0,"65":0,"66":0,"67":0,"68":0},"f":{"0":0,"1":0,"2":0,"3":0,"4":0,"5":0,"6":0,"7":0,"8":0,"9":0,"10":0,"11":0,"12":0,"13":0,"14":0},"b":{"0":[0,0],"1":[0,0],"2":[0,0],"3":[0,0],"4":[0,0],"5":[0,0],"6":[0,0,0,0],"7":[0,0],"8":[0,0,0,0]}}
,"C:\\Users\\Administrator\\Desktop\\sun\\kingserch.github.io\\hallowsday\\src\\components\\dialog.vue": {"path":"C:\\Users\\Administrator\\Desktop\\sun\\kingserch.github.io\\hallowsday\\src\\components\\dialog.vue","statementMap":{"0":{"start":{"line":105,"column":0},"end":{"line":null,"column":-1}},"1":{"start":{"line":111,"column":0},"end":{"line":null,"column":-1}},"2":{"start":{"line":114,"column":0},"end":{"line":null,"column":-1}},"3":{"start":{"line":115,"column":0},"end":{"line":null,"column":-1}},"4":{"start":{"line":118,"column":0},"end":{"line":null,"column":-1}},"5":{"start":{"line":119,"column":0},"end":{"line":null,"column":-1}},"6":{"start":{"line":122,"column":0},"end":{"line":null,"column":-1}},"7":{"start":{"line":123,"column":0},"end":{"line":null,"column":-1}},"8":{"start":{"line":127,"column":0},"end":{"line":null,"column":-1}},"9":{"start":{"line":131,"column":0},"end":{"line":null,"column":-1}},"10":{"start":{"line":134,"column":0},"end":{"line":null,"column":-1}}},"fnMap":{"0":{"name":"data","decl":{"start":{"line":104,"column":0},"end":{"line":null,"column":-1}},"loc":{"start":{"line":104,"column":0},"end":{"line":108,"column":0}}},"1":{"name":"closeMask","decl":{"start":{"line":110,"column":0},"end":{"line":null,"column":-1}},"loc":{"start":{"line":110,"column":0},"end":{"line":112,"column":0}}},"2":{"name":"cancelBtn","decl":{"start":{"line":113,"column":0},"end":{"line":null,"column":-1}},"loc":{"start":{"line":113,"column":0},"end":{"line":116,"column":0}}},"3":{"name":"dangerBtn","decl":{"start":{"line":117,"column":0},"end":{"line":null,"column":-1}},"loc":{"start":{"line":117,"column":0},"end":{"line":120,"column":0}}},"4":{"name":"confirmBtn","decl":{"start":{"line":121,"column":0},"end":{"line":null,"column":-1}},"loc":{"start":{"line":121,"column":0},"end":{"line":124,"column":0}}},"5":{"name":"mounted","decl":{"start":{"line":126,"column":0},"end":{"line":null,"column":-1}},"loc":{"start":{"line":126,"column":0},"end":{"line":128,"column":0}}},"6":{"name":"value","decl":{"start":{"line":130,"column":0},"end":{"line":null,"column":-1}},"loc":{"start":{"line":130,"column":0},"end":{"line":132,"column":0}}},"7":{"name":"showMask","decl":{"start":{"line":133,"column":0},"end":{"line":null,"column":-1}},"loc":{"start":{"line":133,"column":0},"end":{"line":135,"column":0}}}},"branchMap":{},"s":{"0":0,"1":0,"2":0,"3":0,"4":0,"5":0,"6":0,"7":0,"8":0,"9":0,"10":0},"f":{"0":0,"1":0,"2":0,"3":0,"4":0,"5":0,"6":0,"7":0},"b":{}}
,"C:\\Users\\Administrator\\Desktop\\sun\\kingserch.github.io\\hallowsday\\src\\components\\header.vue": {"path":"C:\\Users\\Administrator\\Desktop\\sun\\kingserch.github.io\\hallowsday\\src\\components\\header.vue","statementMap":{"0":{"start":{"line":49,"column":0},"end":{"line":null,"column":-1}}},"fnMap":{"0":{"name":"goBack","decl":{"start":{"line":48,"column":0},"end":{"line":null,"column":-1}},"loc":{"start":{"line":48,"column":0},"end":{"line":50,"column":0}}}},"branchMap":{},"s":{"0":0},"f":{"0":0},"b":{}}
,"C:\\Users\\Administrator\\Desktop\\sun\\kingserch.github.io\\hallowsday\\src\\components\\stars.vue": {"path":"C:\\Users\\Administrator\\Desktop\\sun\\kingserch.github.io\\hallowsday\\src\\components\\stars.vue","statementMap":{"0":{"start":{"line":16,"column":0},"end":{"line":null,"column":-1}},"1":{"start":{"line":20,"column":0},"end":{"line":null,"column":-1}},"2":{"start":{"line":26,"column":0},"end":{"line":null,"column":-1}},"3":{"start":{"line":29,"column":0},"end":{"line":null,"column":-1}},"4":{"start":{"line":30,"column":0},"end":{"line":null,"column":-1}},"5":{"start":{"line":32,"column":0},"end":{"line":39,"column":0}},"6":{"start":{"line":33,"column":0},"end":{"line":null,"column":-1}},"7":{"start":{"line":41,"column":0},"end":{"line":null,"column":-1}},"8":{"start":{"line":42,"column":0},"end":{"line":67,"column":0}},"9":{"start":{"line":43,"column":0},"end":{"line":null,"column":-1}},"10":{"start":{"line":44,"column":0},"end":{"line":null,"column":-1}},"11":{"start":{"line":45,"column":0},"end":{"line":null,"column":-1}},"12":{"start":{"line":46,"column":0},"end":{"line":66,"column":0}},"13":{"start":{"line":47,"column":0},"end":{"line":null,"column":-1}},"14":{"start":{"line":50,"column":0},"end":{"line":59,"column":0}},"15":{"start":{"line":51,"column":0},"end":{"line":null,"column":-1}},"16":{"start":{"line":52,"column":0},"end":{"line":null,"column":-1}},"17":{"start":{"line":53,"column":0},"end":{"line":null,"column":-1}},"18":{"start":{"line":54,"column":0},"end":{"line":null,"column":-1}},"19":{"start":{"line":55,"column":0},"end":{"line":null,"column":-1}},"20":{"start":{"line":56,"column":0},"end":{"line":null,"column":-1}},"21":{"start":{"line":57,"column":0},"end":{"line":null,"column":-1}},"22":{"start":{"line":58,"column":0},"end":{"line":null,"column":-1}},"23":{"start":{"line":60,"column":0},"end":{"line":null,"column":-1}},"24":{"start":{"line":61,"column":0},"end":{"line":null,"column":-1}},"25":{"start":{"line":62,"column":0},"end":{"line":65,"column":0}},"26":{"start":{"line":63,"column":0},"end":{"line":null,"column":-1}},"27":{"start":{"line":64,"column":0},"end":{"line":null,"column":-1}},"28":{"start":{"line":69,"column":0},"end":{"line":75,"column":0}},"29":{"start":{"line":70,"column":0},"end":{"line":null,"column":-1}},"30":{"start":{"line":71,"column":0},"end":{"line":null,"column":-1}},"31":{"start":{"line":73,"column":0},"end":{"line":null,"column":-1}},"32":{"start":{"line":74,"column":0},"end":{"line":null,"column":-1}},"33":{"start":{"line":76,"column":0},"end":{"line":null,"column":-1}}},"fnMap":{"0":{"name":"mounted","decl":{"start":{"line":19,"column":0},"end":{"line":null,"column":-1}},"loc":{"start":{"line":19,"column":0},"end":{"line":77,"column":0}}},"1":{"name":"(anonymous_3)","decl":{"start":{"line":42,"column":0},"end":{"line":null,"column":-1}},"loc":{"start":{"line":42,"column":0},"end":{"line":67,"column":0}}},"2":{"name":"frame","decl":{"start":{"line":69,"column":0},"end":{"line":null,"column":-1}},"loc":{"start":{"line":69,"column":0},"end":{"line":75,"column":0}}}},"branchMap":{"0":{"loc":{"start":{"line":62,"column":0},"end":{"line":65,"column":0}},"type":"if","locations":[{"start":{"line":62,"column":0},"end":{"line":65,"column":0}},{"start":{"line":62,"column":0},"end":{"line":65,"column":0}}]},"1":{"loc":{"start":{"line":71,"column":0},"end":{"line":null,"column":-1}},"type":"binary-expr","locations":[{"start":{"line":71,"column":0},"end":{"line":null,"column":-1}},{"start":{"line":71,"column":0},"end":{"line":null,"column":-1}}]}},"s":{"0":0,"1":0,"2":0,"3":0,"4":0,"5":0,"6":0,"7":0,"8":0,"9":0,"10":0,"11":0,"12":0,"13":0,"14":0,"15":0,"16":0,"17":0,"18":0,"19":0,"20":0,"21":0,"22":0,"23":0,"24":0,"25":0,"26":0,"27":0,"28":0,"29":0,"30":0,"31":0,"32":0,"33":0},"f":{"0":0,"1":0,"2":0},"b":{"0":[0,0],"1":[0,0]}}
,"C:\\Users\\Administrator\\Desktop\\sun\\kingserch.github.io\\hallowsday\\src\\pages\\home.vue": {"path":"C:\\Users\\Administrator\\Desktop\\sun\\kingserch.github.io\\hallowsday\\src\\pages\\home.vue","statementMap":{"0":{"start":{"line":162,"column":0},"end":{"line":null,"column":-1}},"1":{"start":{"line":163,"column":0},"end":{"line":null,"column":-1}},"2":{"start":{"line":164,"column":0},"end":{"line":null,"column":-1}},"3":{"start":{"line":178,"column":0},"end":{"line":null,"column":-1}},"4":{"start":{"line":195,"column":0},"end":{"line":null,"column":-1}},"5":{"start":{"line":196,"column":0},"end":{"line":null,"column":-1}},"6":{"start":{"line":201,"column":0},"end":{"line":null,"column":-1}},"7":{"start":{"line":202,"column":0},"end":{"line":null,"column":-1}}},"fnMap":{"0":{"name":"data","decl":{"start":{"line":177,"column":0},"end":{"line":null,"column":-1}},"loc":{"start":{"line":177,"column":0},"end":{"line":187,"column":0}}},"1":{"name":"openNotice","decl":{"start":{"line":194,"column":0},"end":{"line":null,"column":-1}},"loc":{"start":{"line":194,"column":0},"end":{"line":197,"column":0}}},"2":{"name":"openNext","decl":{"start":{"line":198,"column":0},"end":{"line":null,"column":-1}},"loc":{"start":{"line":198,"column":0},"end":{"line":206,"column":0}}}},"branchMap":{},"s":{"0":0,"1":0,"2":0,"3":0,"4":0,"5":0,"6":0,"7":0},"f":{"0":0,"1":0,"2":0},"b":{}}
,"C:\\Users\\Administrator\\Desktop\\sun\\kingserch.github.io\\hallowsday\\src\\pages\\index.vue": {"path":"C:\\Users\\Administrator\\Desktop\\sun\\kingserch.github.io\\hallowsday\\src\\pages\\index.vue","statementMap":{"0":{"start":{"line":134,"column":0},"end":{"line":null,"column":-1}},"1":{"start":{"line":135,"column":0},"end":{"line":null,"column":-1}},"2":{"start":{"line":136,"column":0},"end":{"line":null,"column":-1}},"3":{"start":{"line":146,"column":0},"end":{"line":null,"column":-1}},"4":{"start":{"line":162,"column":0},"end":{"line":null,"column":-1}},"5":{"start":{"line":165,"column":0},"end":{"line":null,"column":-1}},"6":{"start":{"line":166,"column":0},"end":{"line":null,"column":-1}},"7":{"start":{"line":169,"column":0},"end":{"line":null,"column":-1}},"8":{"start":{"line":172,"column":0},"end":{"line":null,"column":-1}},"9":{"start":{"line":173,"column":0},"end":{"line":null,"column":-1}},"10":{"start":{"line":176,"column":0},"end":{"line":null,"column":-1}},"11":{"start":{"line":177,"column":0},"end":{"line":null,"column":-1}},"12":{"start":{"line":178,"column":0},"end":{"line":null,"column":-1}},"13":{"start":{"line":179,"column":0},"end":{"line":null,"column":-1}},"14":{"start":{"line":184,"column":0},"end":{"line":190,"column":0}},"15":{"start":{"line":186,"column":0},"end":{"line":null,"column":-1}},"16":{"start":{"line":189,"column":0},"end":{"line":null,"column":-1}}},"fnMap":{"0":{"name":"data","decl":{"start":{"line":145,"column":0},"end":{"line":null,"column":-1}},"loc":{"start":{"line":145,"column":0},"end":{"line":154,"column":0}}},"1":{"name":"openMask","decl":{"start":{"line":161,"column":0},"end":{"line":null,"column":-1}},"loc":{"start":{"line":161,"column":0},"end":{"line":163,"column":0}}},"2":{"name":"clickCancel","decl":{"start":{"line":164,"column":0},"end":{"line":null,"column":-1}},"loc":{"start":{"line":164,"column":0},"end":{"line":167,"column":0}}},"3":{"name":"clickDanger","decl":{"start":{"line":168,"column":0},"end":{"line":null,"column":-1}},"loc":{"start":{"line":168,"column":0},"end":{"line":170,"column":0}}},"4":{"name":"clickConfirm","decl":{"start":{"line":171,"column":0},"end":{"line":null,"column":-1}},"loc":{"start":{"line":171,"column":0},"end":{"line":174,"column":0}}},"5":{"name":"goNext","decl":{"start":{"line":175,"column":0},"end":{"line":null,"column":-1}},"loc":{"start":{"line":175,"column":0},"end":{"line":180,"column":0}}},"6":{"name":"username","decl":{"start":{"line":183,"column":0},"end":{"line":null,"column":-1}},"loc":{"start":{"line":183,"column":0},"end":{"line":191,"column":0}}}},"branchMap":{"0":{"loc":{"start":{"line":184,"column":0},"end":{"line":190,"column":0}},"type":"if","locations":[{"start":{"line":184,"column":0},"end":{"line":190,"column":0}},{"start":{"line":184,"column":0},"end":{"line":190,"column":0}}]}},"s":{"0":0,"1":0,"2":0,"3":0,"4":0,"5":0,"6":0,"7":0,"8":0,"9":0,"10":0,"11":0,"12":0,"13":0,"14":0,"15":0,"16":0},"f":{"0":0,"1":0,"2":0,"3":0,"4":0,"5":0,"6":0},"b":{"0":[0,0]}}
,"C:\\Users\\Administrator\\Desktop\\sun\\kingserch.github.io\\hallowsday\\src\\pages\\storys.vue": {"path":"C:\\Users\\Administrator\\Desktop\\sun\\kingserch.github.io\\hallowsday\\src\\pages\\storys.vue","statementMap":{"0":{"start":{"line":123,"column":0},"end":{"line":null,"column":-1}},"1":{"start":{"line":124,"column":0},"end":{"line":null,"column":-1}},"2":{"start":{"line":125,"column":0},"end":{"line":null,"column":-1}},"3":{"start":{"line":139,"column":0},"end":{"line":null,"column":-1}},"4":{"start":{"line":157,"column":0},"end":{"line":null,"column":-1}},"5":{"start":{"line":158,"column":0},"end":{"line":165,"column":0}},"6":{"start":{"line":159,"column":0},"end":{"line":null,"column":-1}},"7":{"start":{"line":160,"column":0},"end":{"line":null,"column":-1}},"8":{"start":{"line":163,"column":0},"end":{"line":null,"column":-1}},"9":{"start":{"line":164,"column":0},"end":{"line":null,"column":-1}},"10":{"start":{"line":166,"column":0},"end":{"line":null,"column":-1}},"11":{"start":{"line":167,"column":0},"end":{"line":null,"column":-1}},"12":{"start":{"line":171,"column":0},"end":{"line":null,"column":-1}}},"fnMap":{"0":{"name":"data","decl":{"start":{"line":138,"column":0},"end":{"line":null,"column":-1}},"loc":{"start":{"line":138,"column":0},"end":{"line":150,"column":0}}},"1":{"name":"play","decl":{"start":{"line":156,"column":0},"end":{"line":null,"column":-1}},"loc":{"start":{"line":156,"column":0},"end":{"line":168,"column":0}}},"2":{"name":"mounted","decl":{"start":{"line":170,"column":0},"end":{"line":null,"column":-1}},"loc":{"start":{"line":170,"column":0},"end":{"line":179,"column":0}}}},"branchMap":{"0":{"loc":{"start":{"line":158,"column":0},"end":{"line":165,"column":0}},"type":"if","locations":[{"start":{"line":158,"column":0},"end":{"line":165,"column":0}},{"start":{"line":158,"column":0},"end":{"line":165,"column":0}}]}},"s":{"0":0,"1":0,"2":0,"3":0,"4":0,"5":0,"6":0,"7":0,"8":0,"9":0,"10":0,"11":0,"12":0},"f":{"0":0,"1":0,"2":0},"b":{"0":[0,0]}}
}
