TN:
SF:C:\Users\Administrator\Desktop\sun\kingserch.github.io\hallowsday\src\components\HelloWorld.vue
FN:89,data
FNF:1
FNH:0
FNDA:0,data
DA:90,0
LF:1
LH:0
BRF:0
BRH:0
end_of_record
TN:
SF:C:\Users\Administrator\Desktop\sun\kingserch.github.io\hallowsday\src\components\canvas.vue
FN:24,mounted
FN:46,colorValue
FN:49,createColorStyle
FN:52,mixComponents
FN:55,averageColorStyles
FN:63,Color
FN:70,Dot
FN:79,draw
FN:86,createDots
FN:91,moveDots
FN:106,connectDots
FN:124,drawDots
FN:130,animateDots
FN:138,(anonymous_14)
FN:142,(anonymous_15)
FNF:15
FNH:0
FNDA:0,mounted
FNDA:0,colorValue
FNDA:0,createColorStyle
FNDA:0,mixComponents
FNDA:0,averageColorStyles
FNDA:0,Color
FNDA:0,Dot
FNDA:0,draw
FNDA:0,createDots
FNDA:0,moveDots
FNDA:0,connectDots
FNDA:0,drawDots
FNDA:0,animateDots
FNDA:0,(anonymous_14)
FNDA:0,(anonymous_15)
DA:25,0
DA:27,0
DA:28,0
DA:29,0
DA:30,0
DA:35,0
DA:39,0
DA:47,0
DA:50,0
DA:53,0
DA:56,0
DA:58,0
DA:61,0
DA:64,0
DA:65,0
DA:66,0
DA:67,0
DA:68,0
DA:71,0
DA:72,0
DA:73,0
DA:74,0
DA:75,0
DA:76,0
DA:78,0
DA:80,0
DA:81,0
DA:82,0
DA:83,0
DA:87,0
DA:88,0
DA:92,0
DA:93,0
DA:94,0
DA:95,0
DA:96,0
DA:97,0
DA:99,0
DA:100,0
DA:102,0
DA:103,0
DA:107,0
DA:108,0
DA:109,0
DA:110,0
DA:111,0
DA:112,0
DA:113,0
DA:114,0
DA:115,0
DA:116,0
DA:117,0
DA:118,0
DA:125,0
DA:126,0
DA:127,0
DA:131,0
DA:132,0
DA:133,0
DA:134,0
DA:135,0
DA:138,0
DA:139,0
DA:140,0
DA:142,0
DA:143,0
DA:144,0
DA:147,0
DA:148,0
LF:69
LH:0
BRDA:64,0,0,0
BRDA:64,0,1,0
BRDA:94,1,0,0
BRDA:94,1,1,0
BRDA:94,2,0,0
BRDA:94,2,1,0
BRDA:97,3,0,0
BRDA:97,3,1,0
BRDA:97,4,0,0
BRDA:97,4,1,0
BRDA:111,5,0,0
BRDA:111,5,1,0
BRDA:111,6,0,0
BRDA:111,6,1,0
BRDA:111,6,2,0
BRDA:111,6,3,0
BRDA:112,7,0,0
BRDA:112,7,1,0
BRDA:112,8,0,0
BRDA:112,8,1,0
BRDA:112,8,2,0
BRDA:112,8,3,0
BRF:22
BRH:0
end_of_record
TN:
SF:C:\Users\Administrator\Desktop\sun\kingserch.github.io\hallowsday\src\components\dialog.vue
FN:104,data
FN:110,closeMask
FN:113,cancelBtn
FN:117,dangerBtn
FN:121,confirmBtn
FN:126,mounted
FN:130,value
FN:133,showMask
FNF:8
FNH:0
FNDA:0,data
FNDA:0,closeMask
FNDA:0,cancelBtn
FNDA:0,dangerBtn
FNDA:0,confirmBtn
FNDA:0,mounted
FNDA:0,value
FNDA:0,showMask
DA:105,0
DA:111,0
DA:114,0
DA:115,0
DA:118,0
DA:119,0
DA:122,0
DA:123,0
DA:127,0
DA:131,0
DA:134,0
LF:11
LH:0
BRF:0
BRH:0
end_of_record
TN:
SF:C:\Users\Administrator\Desktop\sun\kingserch.github.io\hallowsday\src\components\header.vue
FN:48,goBack
FNF:1
FNH:0
FNDA:0,goBack
DA:49,0
LF:1
LH:0
BRF:0
BRH:0
end_of_record
TN:
SF:C:\Users\Administrator\Desktop\sun\kingserch.github.io\hallowsday\src\components\stars.vue
FN:19,mounted
FN:42,(anonymous_3)
FN:69,frame
FNF:3
FNH:0
FNDA:0,mounted
FNDA:0,(anonymous_3)
FNDA:0,frame
DA:16,0
DA:20,0
DA:26,0
DA:29,0
DA:30,0
DA:32,0
DA:33,0
DA:41,0
DA:42,0
DA:43,0
DA:44,0
DA:45,0
DA:46,0
DA:47,0
DA:50,0
DA:51,0
DA:52,0
DA:53,0
DA:54,0
DA:55,0
DA:56,0
DA:57,0
DA:58,0
DA:60,0
DA:61,0
DA:62,0
DA:63,0
DA:64,0
DA:69,0
DA:70,0
DA:71,0
DA:73,0
DA:74,0
DA:76,0
LF:34
LH:0
BRDA:62,0,0,0
BRDA:62,0,1,0
BRDA:71,1,0,0
BRDA:71,1,1,0
BRF:4
BRH:0
end_of_record
TN:
SF:C:\Users\Administrator\Desktop\sun\kingserch.github.io\hallowsday\src\pages\home.vue
FN:177,data
FN:194,openNotice
FN:198,openNext
FNF:3
FNH:0
FNDA:0,data
FNDA:0,openNotice
FNDA:0,openNext
DA:162,0
DA:163,0
DA:164,0
DA:178,0
DA:195,0
DA:196,0
DA:201,0
DA:202,0
LF:8
LH:0
BRF:0
BRH:0
end_of_record
TN:
SF:C:\Users\Administrator\Desktop\sun\kingserch.github.io\hallowsday\src\pages\index.vue
FN:145,data
FN:161,openMask
FN:164,clickCancel
FN:168,clickDanger
FN:171,clickConfirm
FN:175,goNext
FN:183,username
FNF:7
FNH:0
FNDA:0,data
FNDA:0,openMask
FNDA:0,clickCancel
FNDA:0,clickDanger
FNDA:0,clickConfirm
FNDA:0,goNext
FNDA:0,username
DA:134,0
DA:135,0
DA:136,0
DA:146,0
DA:162,0
DA:165,0
DA:166,0
DA:169,0
DA:172,0
DA:173,0
DA:176,0
DA:177,0
DA:178,0
DA:179,0
DA:184,0
DA:186,0
DA:189,0
LF:17
LH:0
BRDA:184,0,0,0
BRDA:184,0,1,0
BRF:2
BRH:0
end_of_record
TN:
SF:C:\Users\Administrator\Desktop\sun\kingserch.github.io\hallowsday\src\pages\storys.vue
FN:138,data
FN:156,play
FN:170,mounted
FNF:3
FNH:0
FNDA:0,data
FNDA:0,play
FNDA:0,mounted
DA:123,0
DA:124,0
DA:125,0
DA:139,0
DA:157,0
DA:158,0
DA:159,0
DA:160,0
DA:163,0
DA:164,0
DA:166,0
DA:167,0
DA:171,0
LF:13
LH:0
BRDA:158,0,0,0
BRDA:158,0,1,0
BRF:2
BRH:0
end_of_record
